<?xml version="1.0" encoding="UTF-8"?>
<testng-results skipped="0" failed="0" ignored="0" total="1" passed="1">
  <reporter-output>
  </reporter-output>
  <suite name="Default suite" duration-ms="4127" started-at="2020-02-19T05:19:33Z" finished-at="2020-02-19T05:19:38Z">
    <groups>
    </groups>
    <test name="Default test" duration-ms="4127" started-at="2020-02-19T05:19:33Z" finished-at="2020-02-19T05:19:38Z">
      <class name="Webservice.Restassured1">
        <test-method status="PASS" signature="getresponse()[pri:0, instance:Webservice.Restassured1@1e88b3c]" name="getresponse" duration-ms="4071" started-at="2020-02-19T05:19:33Z" finished-at="2020-02-19T05:19:38Z">
          <reporter-output>
          </reporter-output>
        </test-method> <!-- getresponse -->
      </class> <!-- Webservice.Restassured1 -->
    </test> <!-- Default test -->
  </suite> <!-- Default suite -->
</testng-results>
