<?xml version="1.0" encoding="UTF-8"?>
<testng-results skipped="0" failed="0" ignored="0" total="1" passed="1">
  <reporter-output>
  </reporter-output>
  <suite name="Default suite" duration-ms="21647" started-at="2022-07-14T10:47:33Z" finished-at="2022-07-14T10:47:55Z">
    <groups>
    </groups>
    <test name="Default test" duration-ms="21647" started-at="2022-07-14T10:47:33Z" finished-at="2022-07-14T10:47:55Z">
      <class name="seleniumadvancedtpics.dropdownquniquevalues">
        <test-method status="PASS" signature="dropdownoptions()[pri:0, instance:seleniumadvancedtpics.dropdownquniquevalues@4883b407]" name="dropdownoptions" duration-ms="21568" started-at="2022-07-14T10:47:33Z" finished-at="2022-07-14T10:47:55Z">
          <reporter-output>
          </reporter-output>
        </test-method> <!-- dropdownoptions -->
      </class> <!-- seleniumadvancedtpics.dropdownquniquevalues -->
    </test> <!-- Default test -->
  </suite> <!-- Default suite -->
</testng-results>
